2025-03-14 16:32:40,534 INFO o.a.j.u.JMeterUtils: Setting Locale to en_EN
2025-03-14 16:32:40,558 INFO o.a.j.JMeter: Loading user properties from: C:\ProgramData\chocolatey\lib\jmeter\tools\apache-jmeter-5.6.3\bin\user.properties
2025-03-14 16:32:40,558 INFO o.a.j.JMeter: Loading system properties from: C:\ProgramData\chocolatey\lib\jmeter\tools\apache-jmeter-5.6.3\bin\system.properties
2025-03-14 16:32:40,565 INFO o.a.j.JMeter: Copyright (c) 1998-2024 The Apache Software Foundation
2025-03-14 16:32:40,565 INFO o.a.j.JMeter: Version 5.6.3
2025-03-14 16:32:40,565 INFO o.a.j.JMeter: java.version=21.0.2
2025-03-14 16:32:40,565 INFO o.a.j.JMeter: java.vm.name=OpenJDK 64-Bit Server VM
2025-03-14 16:32:40,565 INFO o.a.j.JMeter: os.name=Windows 11
2025-03-14 16:32:40,565 INFO o.a.j.JMeter: os.arch=amd64
2025-03-14 16:32:40,565 INFO o.a.j.JMeter: os.version=10.0
2025-03-14 16:32:40,565 INFO o.a.j.JMeter: file.encoding=UTF-8
2025-03-14 16:32:40,565 INFO o.a.j.JMeter: java.awt.headless=true
2025-03-14 16:32:40,565 INFO o.a.j.JMeter: Max memory     =1073741824
2025-03-14 16:32:40,565 INFO o.a.j.JMeter: Available Processors =8
2025-03-14 16:32:40,577 INFO o.a.j.JMeter: Default Locale=English (EN)
2025-03-14 16:32:40,577 INFO o.a.j.JMeter: JMeter  Locale=English (EN)
2025-03-14 16:32:40,577 INFO o.a.j.JMeter: JMeterHome=C:\ProgramData\chocolatey\lib\jmeter\tools\apache-jmeter-5.6.3
2025-03-14 16:32:40,577 INFO o.a.j.JMeter: user.dir  =C:\Users\trist\kuliah\Sem04\Adpro\exercise-profiling
2025-03-14 16:32:40,578 INFO o.a.j.JMeter: PWD       =C:\Users\trist\kuliah\Sem04\Adpro\exercise-profiling
2025-03-14 16:32:56,626 INFO o.a.j.JMeter: IP: 10.5.88.181 Name: Tray FullName: 10.5.88.181
2025-03-14 16:32:56,642 INFO o.a.j.s.FileServer: Default base='C:\Users\trist\kuliah\Sem04\Adpro\exercise-profiling'
2025-03-14 16:32:56,645 INFO o.a.j.s.FileServer: Set new base='C:\Users\trist\kuliah\Sem04\Adpro\exercise-profiling'
2025-03-14 16:32:56,852 INFO o.a.j.s.SaveService: Testplan (JMX) version: 2.2. Testlog (JTL) version: 2.2
2025-03-14 16:32:56,884 INFO o.a.j.s.SaveService: Using SaveService properties version 5.0
2025-03-14 16:32:56,886 INFO o.a.j.s.SaveService: Using SaveService properties file encoding UTF-8
2025-03-14 16:32:56,889 INFO o.a.j.s.SaveService: Loading file: test_plan_1.jmx
2025-03-14 16:32:56,944 INFO o.a.j.p.h.s.HTTPSamplerBase: Parser for text/html is org.apache.jmeter.protocol.http.parser.LagartoBasedHtmlParser
2025-03-14 16:32:56,945 INFO o.a.j.p.h.s.HTTPSamplerBase: Parser for application/xhtml+xml is org.apache.jmeter.protocol.http.parser.LagartoBasedHtmlParser
2025-03-14 16:32:56,945 INFO o.a.j.p.h.s.HTTPSamplerBase: Parser for application/xml is org.apache.jmeter.protocol.http.parser.LagartoBasedHtmlParser
2025-03-14 16:32:56,945 INFO o.a.j.p.h.s.HTTPSamplerBase: Parser for text/xml is org.apache.jmeter.protocol.http.parser.LagartoBasedHtmlParser
2025-03-14 16:32:56,945 INFO o.a.j.p.h.s.HTTPSamplerBase: Parser for text/vnd.wap.wml is org.apache.jmeter.protocol.http.parser.RegexpHTMLParser
2025-03-14 16:32:56,945 INFO o.a.j.p.h.s.HTTPSamplerBase: Parser for text/css is org.apache.jmeter.protocol.http.parser.CssParser
2025-03-14 16:32:56,973 INFO o.a.j.JMeter: Creating summariser <summary>
2025-03-14 16:32:56,989 INFO o.a.j.e.StandardJMeterEngine: Running the test!
2025-03-14 16:32:56,990 INFO o.a.j.s.SampleEvent: List of sample_variables: []
2025-03-14 16:32:56,990 INFO o.a.j.s.SampleEvent: List of sample_variables: []
2025-03-14 16:32:56,994 INFO o.a.j.e.u.CompoundVariable: Note: Function class names must contain the string: '.functions.'
2025-03-14 16:32:56,995 INFO o.a.j.e.u.CompoundVariable: Note: Function class names must not contain the string: '.gui.'
2025-03-14 16:32:57,077 INFO o.a.j.JMeter: Running test (1741944777077)
2025-03-14 16:32:57,096 INFO o.a.j.e.StandardJMeterEngine: Starting ThreadGroup: 1 : Thread Group
2025-03-14 16:32:57,096 INFO o.a.j.e.StandardJMeterEngine: Starting 10 threads for group Thread Group.
2025-03-14 16:32:57,096 INFO o.a.j.e.StandardJMeterEngine: Thread will continue on error
2025-03-14 16:32:57,097 INFO o.a.j.t.ThreadGroup: Starting thread group... number=1 threads=10 ramp-up=1 delayedStart=false
2025-03-14 16:32:57,106 INFO o.a.j.t.ThreadGroup: Started thread group number 1
2025-03-14 16:32:57,106 INFO o.a.j.e.StandardJMeterEngine: All thread groups have been started
2025-03-14 16:32:57,107 INFO o.a.j.t.JMeterThread: Thread started: Thread Group 1-1
2025-03-14 16:32:57,127 INFO o.a.j.p.h.s.HTTPHCAbstractImpl: Local host = Tray
2025-03-14 16:32:57,135 INFO o.a.j.p.h.s.HTTPHC4Impl: HTTP request retry count = 0
2025-03-14 16:32:57,137 INFO o.a.j.s.SampleResult: Note: Sample TimeStamps are START times
2025-03-14 16:32:57,137 INFO o.a.j.s.SampleResult: sampleresult.default.encoding is set to UTF-8
2025-03-14 16:32:57,137 INFO o.a.j.s.SampleResult: sampleresult.useNanoTime=true
2025-03-14 16:32:57,137 INFO o.a.j.s.SampleResult: sampleresult.nanoThreadSleep=5000
2025-03-14 16:32:57,204 INFO o.a.j.t.JMeterThread: Thread started: Thread Group 1-2
2025-03-14 16:32:57,304 INFO o.a.j.t.JMeterThread: Thread started: Thread Group 1-3
2025-03-14 16:32:57,403 INFO o.a.j.t.JMeterThread: Thread started: Thread Group 1-4
2025-03-14 16:32:57,501 INFO o.a.j.t.JMeterThread: Thread started: Thread Group 1-5
2025-03-14 16:32:57,602 INFO o.a.j.t.JMeterThread: Thread started: Thread Group 1-6
2025-03-14 16:32:57,700 INFO o.a.j.t.JMeterThread: Thread started: Thread Group 1-7
2025-03-14 16:32:57,800 INFO o.a.j.t.JMeterThread: Thread started: Thread Group 1-8
2025-03-14 16:32:57,900 INFO o.a.j.t.JMeterThread: Thread started: Thread Group 1-9
2025-03-14 16:32:58,000 INFO o.a.j.t.JMeterThread: Thread started: Thread Group 1-10
2025-03-14 16:35:26,474 INFO o.a.j.t.JMeterThread: Thread is done: Thread Group 1-2
2025-03-14 16:35:26,474 INFO o.a.j.t.JMeterThread: Thread finished: Thread Group 1-2
2025-03-14 16:35:28,352 INFO o.a.j.t.JMeterThread: Thread is done: Thread Group 1-10
2025-03-14 16:35:28,352 INFO o.a.j.t.JMeterThread: Thread finished: Thread Group 1-10
2025-03-14 16:35:28,384 INFO o.a.j.t.JMeterThread: Thread is done: Thread Group 1-5
2025-03-14 16:35:28,385 INFO o.a.j.t.JMeterThread: Thread finished: Thread Group 1-5
2025-03-14 16:35:28,565 INFO o.a.j.t.JMeterThread: Thread is done: Thread Group 1-6
2025-03-14 16:35:28,565 INFO o.a.j.t.JMeterThread: Thread finished: Thread Group 1-6
2025-03-14 16:35:28,738 INFO o.a.j.t.JMeterThread: Thread is done: Thread Group 1-1
2025-03-14 16:35:28,738 INFO o.a.j.t.JMeterThread: Thread finished: Thread Group 1-1
2025-03-14 16:35:35,004 INFO o.a.j.r.Summariser: summary +     16 in 00:02:38 =    0.1/s Avg: 56913 Min:   171 Max: 157647 Err:     0 (0.00%) Active: 5 Started: 10 Finished: 5
2025-03-14 16:35:35,871 INFO o.a.j.t.JMeterThread: Thread is done: Thread Group 1-3
2025-03-14 16:35:35,871 INFO o.a.j.t.JMeterThread: Thread finished: Thread Group 1-3
2025-03-14 16:35:37,194 INFO o.a.j.t.JMeterThread: Thread is done: Thread Group 1-8
2025-03-14 16:35:37,194 INFO o.a.j.t.JMeterThread: Thread finished: Thread Group 1-8
2025-03-14 16:35:37,424 INFO o.a.j.t.JMeterThread: Thread is done: Thread Group 1-7
2025-03-14 16:35:37,424 INFO o.a.j.t.JMeterThread: Thread finished: Thread Group 1-7
2025-03-14 16:35:38,622 INFO o.a.j.t.JMeterThread: Thread is done: Thread Group 1-9
2025-03-14 16:35:38,622 INFO o.a.j.t.JMeterThread: Thread finished: Thread Group 1-9
2025-03-14 16:35:38,928 INFO o.a.j.t.JMeterThread: Thread is done: Thread Group 1-4
2025-03-14 16:35:38,928 INFO o.a.j.t.JMeterThread: Thread finished: Thread Group 1-4
2025-03-14 16:35:38,929 INFO o.a.j.e.StandardJMeterEngine: Notifying test listeners of end of test
2025-03-14 16:35:38,930 INFO o.a.j.r.Summariser: summary +     14 in 00:00:04 =    3.5/s Avg: 45871 Min:   108 Max: 160811 Err:     0 (0.00%) Active: 0 Started: 10 Finished: 10
2025-03-14 16:35:38,931 INFO o.a.j.r.Summariser: summary =     30 in 00:02:42 =    0.2/s Avg: 51760 Min:   108 Max: 160811 Err:     0 (0.00%)
